<?xml version="1.0" encoding="UTF-8" ?>
<testsuite failures="0" time="0.045" errors="0" skipped="0" tests="1" name="fr.utbm.core.AppTest">
  <properties>
    <property name="java.runtime.name" value="Java(TM) SE Runtime Environment"/>
    <property name="sun.boot.library.path" value="D:\Projets\PortableApps\NetBeansPortable\App\jdk\jre\bin"/>
    <property name="java.vm.version" value="21.0-b17"/>
    <property name="java.vm.vendor" value="Oracle Corporation"/>
    <property name="java.vendor.url" value="http://java.oracle.com/"/>
    <property name="path.separator" value=";"/>
    <property name="guice.disable.misplaced.annotation.check" value="true"/>
    <property name="java.vm.name" value="Java HotSpot(TM) 64-Bit Server VM"/>
    <property name="file.encoding.pkg" value="sun.io"/>
    <property name="user.script" value=""/>
    <property name="user.country" value="FR"/>
    <property name="sun.java.launcher" value="SUN_STANDARD"/>
    <property name="sun.os.patch.level" value="Service Pack 1"/>
    <property name="java.vm.specification.name" value="Java Virtual Machine Specification"/>
    <property name="user.dir" value="D:\Documents\NetBeansProjects\lp76\core"/>
    <property name="java.runtime.version" value="1.7.0-b147"/>
    <property name="java.awt.graphicsenv" value="sun.awt.Win32GraphicsEnvironment"/>
    <property name="java.endorsed.dirs" value="D:\Projets\PortableApps\NetBeansPortable\App\jdk\jre\lib\endorsed"/>
    <property name="os.arch" value="amd64"/>
    <property name="java.io.tmpdir" value="D:\UTILIS~2\oric\AppData\Local\Temp\NetBeans_JavaSE_8.0_PortableTemp\"/>
    <property name="line.separator" value="
"/>
    <property name="java.vm.specification.vendor" value="Oracle Corporation"/>
    <property name="user.variant" value=""/>
    <property name="os.name" value="Windows 7"/>
    <property name="maven.ext.class.path" value="D:\Projets\PortableApps\NetBeansPortable\App\netbeans\java\maven-nblib\netbeans-eventspy.jar"/>
    <property name="classworlds.conf" value="D:\Projets\PortableApps\NetBeansPortable\App\netbeans\java\maven\bin\m2.conf"/>
    <property name="sun.jnu.encoding" value="Cp1252"/>
    <property name="java.library.path" value="D:\Projets\PortableApps\NetBeansPortable\App\jdk\bin;C:\Windows\Sun\Java\bin;C:\Windows\system32;C:\Windows;D:\Projets\JPE\ProgramFiles\Oracle\app\oracle\product\11.2.0\server\bin;C:\Oracle\product\11.2.0\dbhome_1\bin;C:\Program Files (x86)\ImageMagick-6.6.0-Q16;C:\Windows\system32;C:\Windows;C:\Windows\System32\Wbem;C:\Windows\System32\WindowsPowerShell\v1.0\;C:\Program Files (x86)\IBM\Client Access\Emulator;C:\Program Files (x86)\IBM\Client Access\Shared;C:\Program Files (x86)\IBM\Client Access\;C:\SQLLIB\BIN;C:\SQLLIB\HELP;C:\Harmony\LT90;c:\Program Files (x86)\Microsoft SQL Server\100\Tools\Binn\;c:\Program Files\Microsoft SQL Server\100\Tools\Binn\;c:\Program Files\Microsoft SQL Server\100\DTS\Binn\;D:\Projets\JPE\ProgramFiles\Antidote\Programmes32;D:\Projets\JPE\ProgramFiles\Antidote\Programmes64;D:\Projets\PortableApps\Antidote\Programmes32;D:\Projets\PortableApps\Antidote\Programmes64;D:\Projets\Applications\Antidote - Copie\Programmes64\;D:\Projets\Applications\Antidote - Copie\Programmes32\;C:\Program Files\TortoiseSVN\bin;D:\Projets\Applications\Druide\Antidote 7\Programmes32;D:\Projets\Applications\Druide\Antidote 7\Programmes64;\\srv-multidiff\packages$\@@@@@ DÃ©veloppement - Ne pas utiliser\OpenVPN\V2.1.4\Source x64\bin;D:\Projets\Applications\Maven\bin;D:\Projets\PortableApps\CygwinPortable\App\Cygwin\bin;D:\Projets\Applications\Postgres\bin;C:\Program Files (x86)\Java\jre7\bin;."/>
    <property name="java.specification.name" value="Java Platform API Specification"/>
    <property name="java.class.version" value="51.0"/>
    <property name="sun.management.compiler" value="HotSpot 64-Bit Tiered Compilers"/>
    <property name="os.version" value="6.1"/>
    <property name="user.home" value="D:\Utilisateurs\oric"/>
    <property name="user.timezone" value="Europe/Paris"/>
    <property name="java.awt.printerjob" value="sun.awt.windows.WPrinterJob"/>
    <property name="java.specification.version" value="1.7"/>
    <property name="file.encoding" value="UTF-8"/>
    <property name="user.name" value="ORIC"/>
    <property name="java.class.path" value="D:\Projets\PortableApps\NetBeansPortable\App\netbeans\java\maven\boot\plexus-classworlds-2.4.jar"/>
    <property name="java.vm.specification.version" value="1.7"/>
    <property name="sun.arch.data.model" value="64"/>
    <property name="java.home" value="D:\Projets\PortableApps\NetBeansPortable\App\jdk\jre"/>
    <property name="sun.java.command" value="org.codehaus.plexus.classworlds.launcher.Launcher -Dmaven.ext.class.path=D:\Projets\PortableApps\NetBeansPortable\App\netbeans\java\maven-nblib\netbeans-eventspy.jar -Dfile.encoding=UTF-8 install"/>
    <property name="java.specification.vendor" value="Oracle Corporation"/>
    <property name="user.language" value="fr"/>
    <property name="awt.toolkit" value="sun.awt.windows.WToolkit"/>
    <property name="java.vm.info" value="mixed mode"/>
    <property name="java.version" value="1.7.0"/>
    <property name="java.ext.dirs" value="D:\Projets\PortableApps\NetBeansPortable\App\jdk\jre\lib\ext;C:\Windows\Sun\Java\lib\ext"/>
    <property name="sun.boot.class.path" value="D:\Projets\PortableApps\NetBeansPortable\App\jdk\jre\lib\resources.jar;D:\Projets\PortableApps\NetBeansPortable\App\jdk\jre\lib\rt.jar;D:\Projets\PortableApps\NetBeansPortable\App\jdk\jre\lib\sunrsasign.jar;D:\Projets\PortableApps\NetBeansPortable\App\jdk\jre\lib\jsse.jar;D:\Projets\PortableApps\NetBeansPortable\App\jdk\jre\lib\jce.jar;D:\Projets\PortableApps\NetBeansPortable\App\jdk\jre\lib\charsets.jar;D:\Projets\PortableApps\NetBeansPortable\App\jdk\jre\classes"/>
    <property name="java.vendor" value="Oracle Corporation"/>
    <property name="maven.home" value="D:\Projets\PortableApps\NetBeansPortable\App\netbeans\java\maven"/>
    <property name="file.separator" value="\"/>
    <property name="java.vendor.url.bug" value="http://bugreport.sun.com/bugreport/"/>
    <property name="sun.cpu.endian" value="little"/>
    <property name="sun.io.unicode.encoding" value="UnicodeLittle"/>
    <property name="sun.desktop" value="windows"/>
    <property name="sun.cpu.isalist" value="amd64"/>
  </properties>
  <testcase time="0.003" classname="fr.utbm.core.AppTest" name="testApp"/>
</testsuite>